# JRE version: OpenJDK Runtime Environment Microsoft-9889599 (17.0.12+7) (build 17.0.12+7-LTS)
# Java VM: OpenJDK 64-Bit Server VM Microsoft-9889599 (17.0.12+7-LTS, mixed mode, sharing, tiered, compressed oops, compressed class ptrs, g1 gc, windows-amd64)
GC Precious Log:
 CPUs: 12 total, 12 available
 Memory: 7598M
 Large Page Support: Disabled
 NUMA Support: Disabled
 Compressed Oops: Enabled (32-bit)
 Heap Region Size: 1M
 Heap Min Capacity: 8M
 Heap Initial Capacity: 120M
 Heap Max Capacity: 2G
 Pre-touch: Disabled
 Parallel Workers: 10
 Concurrent Workers: 3
 Concurrent Refinement Workers: 10
 Periodic GC: Disabled
Heap:
 garbage-first heap   total 251904K, used 116630K [0x0000000080000000, 0x0000000100000000)
  region size 1024K, 18 young (18432K), 7 survivors (7168K)
 Metaspace       used 82407K, committed 83264K, reserved 557056K
  class space    used 11384K, committed 11840K, reserved 425984K
GC Heap History (20 events):
Event: 16.103 GC heap before
{Heap before GC invocations=24 (full 0):
 garbage-first heap   total 125952K, used 63562K [0x0000000080000000, 0x0000000100000000)
  region size 1024K, 6 young (6144K), 3 survivors (3072K)
 Metaspace       used 63562K, committed 64256K, reserved 491520K
  class space    used 9040K, committed 9408K, reserved 425984K
}
Event: 16.106 GC heap after
{Heap after GC invocations=25 (full 0):
 garbage-first heap   total 125952K, used 61563K [0x0000000080000000, 0x0000000100000000)
  region size 1024K, 1 young (1024K), 1 survivors (1024K)
 Metaspace       used 63562K, committed 64256K, reserved 491520K
  class space    used 9040K, committed 9408K, reserved 425984K
}
Event: 17.130 GC heap before
{Heap before GC invocations=25 (full 0):
 garbage-first heap   total 125952K, used 100475K [0x0000000080000000, 0x0000000100000000)
  region size 1024K, 39 young (39936K), 1 survivors (1024K)
 Metaspace       used 65207K, committed 65984K, reserved 491520K
  class space    used 9243K, committed 9600K, reserved 425984K
}
Event: 17.134 GC heap after
{Heap after GC invocations=26 (full 0):
 garbage-first heap   total 125952K, used 65775K [0x0000000080000000, 0x0000000100000000)
  region size 1024K, 5 young (5120K), 5 survivors (5120K)
 Metaspace       used 65207K, committed 65984K, reserved 491520K
  class space    used 9243K, committed 9600K, reserved 425984K
}
Event: 17.855 GC heap before
{Heap before GC invocations=27 (full 0):
 garbage-first heap   total 125952K, used 101615K [0x0000000080000000, 0x0000000100000000)
  region size 1024K, 40 young (40960K), 5 survivors (5120K)
 Metaspace       used 67258K, committed 68032K, reserved 491520K
  class space    used 9547K, committed 9920K, reserved 425984K
}
Event: 17.861 GC heap after
{Heap after GC invocations=28 (full 0):
 garbage-first heap   total 125952K, used 68306K [0x0000000080000000, 0x0000000100000000)
  region size 1024K, 5 young (5120K), 5 survivors (5120K)
 Metaspace       used 67258K, committed 68032K, reserved 491520K
  class space    used 9547K, committed 9920K, reserved 425984K
}
Event: 17.869 GC heap before
{Heap before GC invocations=28 (full 0):
 garbage-first heap   total 125952K, used 68306K [0x0000000080000000, 0x0000000100000000)
  region size 1024K, 6 young (6144K), 5 survivors (5120K)
 Metaspace       used 67264K, committed 68032K, reserved 491520K
  class space    used 9547K, committed 9920K, reserved 425984K
}
Event: 17.873 GC heap after
{Heap after GC invocations=29 (full 0):
 garbage-first heap   total 125952K, used 68250K [0x0000000080000000, 0x0000000100000000)
  region size 1024K, 1 young (1024K), 1 survivors (1024K)
 Metaspace       used 67264K, committed 68032K, reserved 491520K
  class space    used 9547K, committed 9920K, reserved 425984K
}
Event: 20.962 GC heap before
{Heap before GC invocations=29 (full 0):
 garbage-first heap   total 125952K, used 102042K [0x0000000080000000, 0x0000000100000000)
  region size 1024K, 34 young (34816K), 1 survivors (1024K)
 Metaspace       used 69786K, committed 70592K, reserved 491520K
  class space    used 9905K, committed 10304K, reserved 425984K
}
Event: 20.967 GC heap after
{Heap after GC invocations=30 (full 0):
 garbage-first heap   total 125952K, used 70267K [0x0000000080000000, 0x0000000100000000)
  region size 1024K, 3 young (3072K), 3 survivors (3072K)
 Metaspace       used 69786K, committed 70592K, reserved 491520K
  class space    used 9905K, committed 10304K, reserved 425984K
}
Event: 21.795 GC heap before
{Heap before GC invocations=31 (full 0):
 garbage-first heap   total 125952K, used 102011K [0x0000000080000000, 0x0000000100000000)
  region size 1024K, 35 young (35840K), 3 survivors (3072K)
 Metaspace       used 71785K, committed 72576K, reserved 491520K
  class space    used 10254K, committed 10624K, reserved 425984K
}
Event: 21.804 GC heap after
{Heap after GC invocations=32 (full 0):
 garbage-first heap   total 125952K, used 74219K [0x0000000080000000, 0x0000000100000000)
  region size 1024K, 5 young (5120K), 5 survivors (5120K)
 Metaspace       used 71785K, committed 72576K, reserved 491520K
  class space    used 10254K, committed 10624K, reserved 425984K
}
Event: 21.817 GC heap before
{Heap before GC invocations=32 (full 0):
 garbage-first heap   total 125952K, used 75243K [0x0000000080000000, 0x0000000100000000)
  region size 1024K, 6 young (6144K), 5 survivors (5120K)
 Metaspace       used 71788K, committed 72576K, reserved 491520K
  class space    used 10254K, committed 10624K, reserved 425984K
}
Event: 21.829 GC heap after
{Heap after GC invocations=33 (full 0):
 garbage-first heap   total 251904K, used 74278K [0x0000000080000000, 0x0000000100000000)
  region size 1024K, 1 young (1024K), 1 survivors (1024K)
 Metaspace       used 71788K, committed 72576K, reserved 491520K
  class space    used 10254K, committed 10624K, reserved 425984K
}
Event: 23.725 GC heap before
{Heap before GC invocations=33 (full 0):
 garbage-first heap   total 251904K, used 191014K [0x0000000080000000, 0x0000000100000000)
  region size 1024K, 116 young (118784K), 1 survivors (1024K)
 Metaspace       used 73735K, committed 74624K, reserved 491520K
  class space    used 10422K, committed 10880K, reserved 425984K
}
Event: 23.739 GC heap after
{Heap after GC invocations=34 (full 0):
 garbage-first heap   total 251904K, used 84364K [0x0000000080000000, 0x0000000100000000)
  region size 1024K, 11 young (11264K), 11 survivors (11264K)
 Metaspace       used 73735K, committed 74624K, reserved 491520K
  class space    used 10422K, committed 10880K, reserved 425984K
}
Event: 26.339 GC heap before
{Heap before GC invocations=34 (full 0):
 garbage-first heap   total 251904K, used 191884K [0x0000000080000000, 0x0000000100000000)
  region size 1024K, 111 young (113664K), 11 survivors (11264K)
 Metaspace       used 74275K, committed 75136K, reserved 491520K
  class space    used 10501K, committed 10944K, reserved 425984K
}
Event: 26.352 GC heap after
{Heap after GC invocations=35 (full 0):
 garbage-first heap   total 251904K, used 97507K [0x0000000080000000, 0x0000000100000000)
  region size 1024K, 12 young (12288K), 12 survivors (12288K)
 Metaspace       used 74275K, committed 75136K, reserved 491520K
  class space    used 10501K, committed 10944K, reserved 425984K
}
Event: 30.780 GC heap before
{Heap before GC invocations=35 (full 0):
 garbage-first heap   total 251904K, used 198883K [0x0000000080000000, 0x0000000100000000)
  region size 1024K, 105 young (107520K), 12 survivors (12288K)
 Metaspace       used 81735K, committed 82624K, reserved 557056K
  class space    used 11304K, committed 11776K, reserved 425984K
}
Event: 30.792 GC heap after
{Heap after GC invocations=36 (full 0):
 garbage-first heap   total 251904K, used 106390K [0x0000000080000000, 0x0000000100000000)
  region size 1024K, 7 young (7168K), 7 survivors (7168K)
 Metaspace       used 81735K, committed 82624K, reserved 557056K
  class space    used 11304K, committed 11776K, reserved 425984K
}

